<?xml version="1.0" encoding="UTF-8"?>
<coverage generated="1671018331449" clover="3.2.0">
  <project timestamp="1671018331450" name="All files">
    <metrics statements="1" coveredstatements="0" conditionals="0" coveredconditionals="0" methods="1" coveredmethods="0" elements="2" coveredelements="0" complexity="0" loc="1" ncloc="1" packages="1" files="2" classes="2"/>
    <file name="App.css" path="/home/marco/Repos/connex-tech-test/client/src/App.css">
      <metrics statements="0" coveredstatements="0" conditionals="0" coveredconditionals="0" methods="0" coveredmethods="0"/>
    </file>
    <file name="App.tsx" path="/home/marco/Repos/connex-tech-test/client/src/App.tsx">
      <metrics statements="1" coveredstatements="0" conditionals="0" coveredconditionals="0" methods="1" coveredmethods="0"/>
      <line num="4" count="0" type="stmt"/>
    </file>
  </project>
</coverage>
