{"/home/marco/Repos/connex-tech-test/client/src/App.css": {"path":"/home/marco/Repos/connex-tech-test/client/src/App.css","statementMap":{},"fnMap":{},"branchMap":{},"s":{},"f":{},"b":{},"inputSourceMap":null,"_coverageSchema":"1a1c01bbd47fc00a2c39e90264f33305004495a9","hash":"b54978db17b32797454deeb665b57cb54a001be8"}
,"/home/marco/Repos/connex-tech-test/client/src/App.tsx": {"path":"/home/marco/Repos/connex-tech-test/client/src/App.tsx","statementMap":{"0":{"start":{"line":4,"column":2},"end":{"line":8,"column":4}}},"fnMap":{"0":{"name":"App","decl":{"start":{"line":3,"column":9},"end":{"line":3,"column":12}},"loc":{"start":{"line":3,"column":15},"end":{"line":9,"column":1}},"line":3}},"branchMap":{},"s":{"0":0},"f":{"0":0},"b":{},"_coverageSchema":"1a1c01bbd47fc00a2c39e90264f33305004495a9","hash":"11e9933d69f9967f6b3bafa8885b2891567c75a2"}
}
